2025-09-03 04:22:28,738 - Called create_password
2025-09-03 04:22:36,763 - Called find_repeats
2025-09-03 04:22:37,276 - Called find_sequence
2025-09-03 04:22:54,092 - Called find_repeats
2025-09-03 04:22:54,093 - Called find_sequence
2025-09-03 04:22:54,093 - Called score_pwd
2025-09-03 04:22:54,094 - Called memory_phase
2025-09-03 04:24:54,103 - Called recall_phase
2025-09-03 04:25:09,537 - Called save_results
2025-09-03 04:41:38,379 - Called create_password
2025-09-03 04:42:05,489 - Called find_repeats
2025-09-03 04:42:05,489 - Called find_sequence
2025-09-03 04:42:05,489 - Called score_pwd
2025-09-03 04:42:05,490 - Called memory_phase
2025-09-03 04:44:05,499 - Called recall_phase
2025-09-03 04:44:19,918 - Called save_results
2025-09-03 04:48:14,652 - Called create_password
2025-09-03 04:48:14,653 - Called score_pwd
2025-09-03 04:48:14,653 - Called find_repeats
2025-09-03 04:48:14,654 - Called find_sequence
2025-09-03 04:48:14,703 - Called memory_phase
2025-09-03 04:48:34,706 - Called recall_phase
2025-09-03 04:58:14,105 - called score_pwd
2025-09-03 04:58:14,105 - called find_repeats
2025-09-03 04:58:14,106 - called find_sequence
2025-09-03 04:58:14,107 - called memory_phase
2025-09-03 04:58:34,109 - called recall_phase
2025-09-03 05:03:36,396 - Called score_pwd
2025-09-03 05:03:36,397 - Called memory_phase
2025-09-03 05:03:56,398 - Called recall_phase
2025-09-03 05:07:51,298 - Called save_results
2025-09-03 05:08:06,831 - Called score_pwd
2025-09-03 05:08:06,833 - Called memory_phase
2025-09-03 05:10:07,002 - Called recall_phase
2025-09-03 05:11:22,240 - Called score_pwd
2025-09-03 05:11:22,243 - Called memory_phase
2025-09-03 05:13:22,532 - Called recall_phase
2025-09-03 05:14:01,068 - Called score_pwd
2025-09-03 05:16:00,474 - Called score_pwd
2025-09-03 05:20:05,208 - INFO - Called score_pwd
2025-09-03 05:24:23,830 - Called score_pwd
